2026-07-13 17:06:32,668 VideoInference INFO video: video_input/IMG_6540.MOV, frame: 200/1053
2026-07-13 17:06:32,668 VideoInference INFO model checkpoint: experiments/LaneATTresnet34Aug2/models/model_0013.pt
2026-07-13 17:06:32,668 VideoInference INFO params: conf_threshold=0.5, nms_thres=50, nms_topk=2, keep_threshold=0.3, match_tolerance=0.05, yolo_conf=0.1, yolo_iou=0.15
2026-07-13 17:06:32,850 VideoInference INFO steering: SteeringResult(steering_angle_deg=-1.1607495516399355, heading_error_deg=4.491183729666075, cross_track_px=np.float64(-119.0), cross_track_deg=np.float64(-5.578125), confidence=1.0, held=False, cross_track_m=np.float64(-0.2968981793661497))
2026-07-13 17:06:32,850 VideoInference INFO ego_vehicle: EgoVehicleResult(box_xyxy=(842.155517578125, 484.9496154785156, 912.422607421875, 535.510498046875), bottom_center=(np.float32(877.28906), 535.510498046875), confidence=0.2471933811903, track_id=None)
2026-07-13 17:06:32,850 VideoInference INFO timing: LaneATT 117.4 ms, YOLO 50.1 ms, angle+draw 13.3 ms, total 180.7 ms
2026-07-13 17:06:32,857 VideoInference INFO saved: image_output_1/LaneATTresnet34Aug2/model_0013/IMG_6540/frame_200/200.jpg
2026-07-14 08:37:22,824 VideoInference INFO video: video_input/IMG_6540.MOV, frame: 200/1053
2026-07-14 08:37:22,824 VideoInference INFO model checkpoint: experiments/LaneATTresnet34Aug2/models/model_0013.pt
2026-07-14 08:37:22,824 VideoInference INFO params: conf_threshold=0.5, nms_thres=50, nms_topk=2, keep_threshold=0.3, match_tolerance=0.05, yolo_conf=0.1, yolo_iou=0.15
2026-07-14 08:37:23,082 VideoInference INFO steering: SteeringResult(steering_angle_deg=-1.1607495516399355, heading_error_deg=4.491183729666075, cross_track_px=np.float64(-119.0), cross_track_deg=np.float64(-5.578125), confidence=1.0, held=False, cross_track_m=np.float64(-0.2968981793661497))
2026-07-14 08:37:23,083 VideoInference INFO ego_vehicle: EgoVehicleResult(box_xyxy=(842.155517578125, 484.9496154785156, 912.422607421875, 535.510498046875), bottom_center=(np.float32(877.28906), 535.510498046875), confidence=0.2471933811903, track_id=None)
2026-07-14 08:37:23,083 VideoInference INFO timing: LaneATT 187.2 ms, YOLO 66.5 ms, angle+draw 4.5 ms, total 258.2 ms
2026-07-14 08:37:23,091 VideoInference INFO saved: image_output_1/LaneATTresnet34Aug2/model_0013/IMG_6540/frame_200/200.jpg
2026-07-14 08:38:02,683 VideoInference INFO video: video_input/IMG_6540.MOV, frame: 200/1053
2026-07-14 08:38:02,683 VideoInference INFO model checkpoint: experiments/LaneATTresnet34Aug2/models/model_0013.pt
2026-07-14 08:38:02,683 VideoInference INFO params: conf_threshold=0.5, nms_thres=50, nms_topk=2, keep_threshold=0.3, match_tolerance=0.05, yolo_conf=0.1, yolo_iou=0.15
2026-07-14 08:38:02,918 VideoInference INFO steering: SteeringResult(steering_angle_deg=-1.1607495516399355, heading_error_deg=4.491183729666075, cross_track_px=np.float64(-119.0), cross_track_deg=np.float64(-5.578125), confidence=1.0, held=False, cross_track_m=np.float64(-0.2968981793661497))
2026-07-14 08:38:02,918 VideoInference INFO ego_vehicle: EgoVehicleResult(box_xyxy=(842.155517578125, 484.9496154785156, 912.422607421875, 535.510498046875), bottom_center=(np.float32(877.28906), 535.510498046875), confidence=0.2471933811903, track_id=None)
2026-07-14 08:38:02,918 VideoInference INFO timing: LaneATT 170.9 ms, YOLO 60.2 ms, angle+draw 3.9 ms, total 235.0 ms
2026-07-14 08:38:02,925 VideoInference INFO saved: image_output_1/LaneATTresnet34Aug2/model_0013/IMG_6540/frame_200/200.jpg
2026-07-14 08:54:40,348 VideoInference INFO video: video_input/IMG_6540.MOV, frame: 200/1053
2026-07-14 08:54:40,349 VideoInference INFO model checkpoint: experiments/LaneATTresnet34Aug2/models/model_0013.pt
2026-07-14 08:54:40,349 VideoInference INFO params: conf_threshold=0.5, nms_thres=50, nms_topk=2, keep_threshold=0.3, match_tolerance=0.05, yolo_conf=0.1, yolo_iou=0.15
2026-07-14 08:54:40,678 VideoInference INFO steering: SteeringResult(steering_angle_deg=-1.1607495516399355, heading_error_deg=4.491183729666075, cross_track_px=np.float64(-119.0), cross_track_deg=np.float64(-5.578125), confidence=1.0, held=False, cross_track_m=np.float64(-0.2968981793661497))
2026-07-14 08:54:40,678 VideoInference INFO ego_vehicle: EgoVehicleResult(box_xyxy=(842.155517578125, 484.9496154785156, 912.422607421875, 535.510498046875), bottom_center=(np.float32(877.28906), 535.510498046875), confidence=0.2471933811903, track_id=None)
2026-07-14 08:54:40,678 VideoInference INFO timing: LaneATT 235.5 ms, YOLO 88.7 ms, angle+draw 5.1 ms, total 329.3 ms
2026-07-14 08:54:40,689 VideoInference INFO saved: image_output_1/LaneATTresnet34Aug2/model_0013/IMG_6540/frame_200/200.jpg
2026-07-14 08:55:53,049 VideoInference INFO video: video_input/IMG_6540.MOV, frame: 200/1053
2026-07-14 08:55:53,049 VideoInference INFO model checkpoint: experiments/LaneATTresnet34Aug2/models/model_0013.pt
2026-07-14 08:55:53,049 VideoInference INFO params: conf_threshold=0.5, nms_thres=50, nms_topk=2, keep_threshold=0.3, match_tolerance=0.05, yolo_conf=0.1, yolo_iou=0.15
2026-07-14 08:55:53,331 VideoInference INFO steering: SteeringResult(steering_angle_deg=-1.1607495516399355, heading_error_deg=4.491183729666075, cross_track_px=np.float64(-119.0), cross_track_deg=np.float64(-5.578125), confidence=1.0, held=False, cross_track_m=np.float64(-0.2968981793661497))
2026-07-14 08:55:53,331 VideoInference INFO ego_vehicle: EgoVehicleResult(box_xyxy=(842.155517578125, 484.9496154785156, 912.422607421875, 535.510498046875), bottom_center=(np.float32(877.28906), 535.510498046875), confidence=0.2471933811903, track_id=None)
2026-07-14 08:55:53,331 VideoInference INFO timing: LaneATT 201.1 ms, YOLO 74.9 ms, angle+draw 5.1 ms, total 281.1 ms
2026-07-14 08:55:53,337 VideoInference INFO saved: image_output_1/LaneATTresnet34Aug2/model_0013/IMG_6540/frame_200/200.jpg
2026-07-16 19:44:16,746 VideoInference INFO video: video_input/IMG_6540.MOV, frame: 200/1053
2026-07-16 19:44:16,747 VideoInference INFO model checkpoint: experiments/LaneATTresnet34Aug2/models/model_0013.pt
2026-07-16 19:44:16,747 VideoInference INFO params: conf_threshold=0.5, nms_thres=50, nms_topk=2, keep_threshold=0.3, match_tolerance=0.05, yolo_conf=0.1, yolo_iou=0.15
2026-07-16 19:44:16,985 VideoInference INFO steering: SteeringResult(steering_angle_deg=-1.1607495516399355, heading_error_deg=4.491183729666075, cross_track_px=np.float64(-119.0), cross_track_deg=np.float64(-5.578125), confidence=1.0, held=False, cross_track_m=np.float64(-0.2968981793661497))
2026-07-16 19:44:17,009 VideoInference INFO ego_vehicle: EgoVehicleResult(box_xyxy=(842.155517578125, 484.9496154785156, 912.422607421875, 535.510498046875), bottom_center=(np.float32(877.28906), 535.510498046875), confidence=0.2471933811903, track_id=None)
2026-07-16 19:44:17,010 VideoInference INFO timing: LaneATT 178.9 ms, YOLO 57.9 ms, angle+draw 1.5 ms, total 238.2 ms
2026-07-16 19:44:17,015 VideoInference INFO saved: image_output_1/LaneATTresnet34Aug2/model_0013/IMG_6540/frame_200/200.jpg
2026-07-17 01:50:03,954 VideoInference INFO video: video_input/IMG_6540.MOV, frame: 200/1053
2026-07-17 01:50:03,955 VideoInference INFO model checkpoint: experiments/LaneATTresnet34Aug2/models/model_0013.pt
2026-07-17 01:50:03,955 VideoInference INFO params: conf_threshold=0.5, nms_thres=50, nms_topk=2, keep_threshold=0.3, match_tolerance=0.05, yolo_conf=0.1, yolo_iou=0.15
2026-07-17 01:50:04,362 VideoInference INFO steering: SteeringResult(steering_angle_deg=-1.1607495516399355, heading_error_deg=4.491183729666075, cross_track_px=np.float64(-119.0), cross_track_deg=np.float64(-5.578125), confidence=1.0, held=False, cross_track_m=np.float64(-0.2968981793661497))
2026-07-17 01:50:04,363 VideoInference INFO ego_vehicle: EgoVehicleResult(box_xyxy=(837.942626953125, 449.64569091796875, 913.664794921875, 531.5051879882812), bottom_center=(np.float32(875.8037), 531.5051879882812), confidence=0.7801430225372314, track_id=None)
2026-07-17 01:50:04,363 VideoInference INFO timing: LaneATT 280.3 ms, YOLO 118.8 ms, angle+draw 8.2 ms, total 407.3 ms
2026-07-17 01:50:04,372 VideoInference INFO saved: image_output_1/LaneATTresnet34Aug2/model_0013/IMG_6540/frame_200/200.jpg
2026-07-17 01:50:05,260 VideoInference INFO video: video_input/IMG_6540.MOV, frame: 200/1053
2026-07-17 01:50:05,261 VideoInference INFO model checkpoint: experiments/LaneATTresnet34Aug2/models/model_0013.pt
2026-07-17 01:50:05,261 VideoInference INFO params: conf_threshold=0.5, nms_thres=50, nms_topk=2, keep_threshold=0.3, match_tolerance=0.05, yolo_conf=0.1, yolo_iou=0.15
2026-07-17 01:50:05,514 VideoInference INFO steering: SteeringResult(steering_angle_deg=-1.1607495516399355, heading_error_deg=4.491183729666075, cross_track_px=np.float64(-119.0), cross_track_deg=np.float64(-5.578125), confidence=1.0, held=False, cross_track_m=np.float64(-0.2968981793661497))
2026-07-17 01:50:05,514 VideoInference INFO ego_vehicle: EgoVehicleResult(box_xyxy=(837.6860961914062, 449.706298828125, 912.7882690429688, 531.2645874023438), bottom_center=(np.float32(875.2372), 531.2645874023438), confidence=0.8091052174568176, track_id=None)
2026-07-17 01:50:05,514 VideoInference INFO timing: LaneATT 94.4 ms, YOLO 157.3 ms, angle+draw 1.5 ms, total 253.2 ms
2026-07-17 01:50:05,518 VideoInference INFO saved: image_output_1/LaneATTresnet34Aug2/model_0013/IMG_6540/frame_200/200.jpg
2026-07-17 01:50:06,335 VideoInference INFO video: video_input/IMG_6540.MOV, frame: 200/1053
2026-07-17 01:50:06,336 VideoInference INFO model checkpoint: experiments/LaneATTresnet34Aug2/models/model_0013.pt
2026-07-17 01:50:06,336 VideoInference INFO params: conf_threshold=0.5, nms_thres=50, nms_topk=2, keep_threshold=0.3, match_tolerance=0.05, yolo_conf=0.1, yolo_iou=0.15
2026-07-17 01:50:06,471 VideoInference INFO steering: SteeringResult(steering_angle_deg=-1.1607495516399355, heading_error_deg=4.491183729666075, cross_track_px=np.float64(-119.0), cross_track_deg=np.float64(-5.578125), confidence=1.0, held=False, cross_track_m=np.float64(-0.2968981793661497))
2026-07-17 01:50:06,472 VideoInference INFO ego_vehicle: EgoVehicleResult(box_xyxy=(837.4639892578125, 450.52783203125, 914.4129638671875, 530.1328125), bottom_center=(np.float32(875.9385), 530.1328125), confidence=0.8028061389923096, track_id=None)
2026-07-17 01:50:06,472 VideoInference INFO timing: LaneATT 96.9 ms, YOLO 37.6 ms, angle+draw 1.3 ms, total 135.9 ms
2026-07-17 01:50:06,475 VideoInference INFO saved: image_output_1/LaneATTresnet34Aug2/model_0013/IMG_6540/frame_200/200.jpg
2026-07-17 01:50:22,001 VideoInference INFO video: video_input/IMG_6540.MOV, frame: 200/1053
2026-07-17 01:50:22,001 VideoInference INFO model checkpoint: experiments/LaneATTresnet34Aug2/models/model_0013.pt
2026-07-17 01:50:22,001 VideoInference INFO params: conf_threshold=0.5, nms_thres=50, nms_topk=2, keep_threshold=0.3, match_tolerance=0.05, yolo_conf=0.1, yolo_iou=0.15
2026-07-17 01:50:22,234 VideoInference INFO steering: SteeringResult(steering_angle_deg=-1.1607495516399355, heading_error_deg=4.491183729666075, cross_track_px=np.float64(-119.0), cross_track_deg=np.float64(-5.578125), confidence=1.0, held=False, cross_track_m=np.float64(-0.2968981793661497))
2026-07-17 01:50:22,234 VideoInference INFO ego_vehicle: EgoVehicleResult(box_xyxy=(837.942626953125, 449.64569091796875, 913.664794921875, 531.5051879882812), bottom_center=(np.float32(875.8037), 531.5051879882812), confidence=0.7801430225372314, track_id=None)
2026-07-17 01:50:22,234 VideoInference INFO timing: LaneATT 152.3 ms, YOLO 79.2 ms, angle+draw 1.4 ms, total 233.0 ms
2026-07-17 01:50:22,238 VideoInference INFO saved: image_output_1/LaneATTresnet34Aug2/model_0013/IMG_6540/frame_200/200.jpg
2026-07-17 01:50:23,100 VideoInference INFO video: video_input/IMG_6540.MOV, frame: 200/1053
2026-07-17 01:50:23,100 VideoInference INFO model checkpoint: experiments/LaneATTresnet34Aug2/models/model_0013.pt
2026-07-17 01:50:23,100 VideoInference INFO params: conf_threshold=0.5, nms_thres=50, nms_topk=2, keep_threshold=0.3, match_tolerance=0.05, yolo_conf=0.1, yolo_iou=0.15
2026-07-17 01:50:23,352 VideoInference INFO steering: SteeringResult(steering_angle_deg=-1.1607495516399355, heading_error_deg=4.491183729666075, cross_track_px=np.float64(-119.0), cross_track_deg=np.float64(-5.578125), confidence=1.0, held=False, cross_track_m=np.float64(-0.2968981793661497))
2026-07-17 01:50:23,352 VideoInference INFO ego_vehicle: EgoVehicleResult(box_xyxy=(837.6860961914062, 449.706298828125, 912.7882690429688, 531.2645874023438), bottom_center=(np.float32(875.2372), 531.2645874023438), confidence=0.8091052174568176, track_id=None)
2026-07-17 01:50:23,352 VideoInference INFO timing: LaneATT 96.5 ms, YOLO 154.5 ms, angle+draw 1.1 ms, total 252.1 ms
2026-07-17 01:50:23,356 VideoInference INFO saved: image_output_1/LaneATTresnet34Aug2/model_0013/IMG_6540/frame_200/200.jpg
2026-07-17 01:50:24,170 VideoInference INFO video: video_input/IMG_6540.MOV, frame: 200/1053
2026-07-17 01:50:24,170 VideoInference INFO model checkpoint: experiments/LaneATTresnet34Aug2/models/model_0013.pt
2026-07-17 01:50:24,170 VideoInference INFO params: conf_threshold=0.5, nms_thres=50, nms_topk=2, keep_threshold=0.3, match_tolerance=0.05, yolo_conf=0.1, yolo_iou=0.15
2026-07-17 01:50:24,308 VideoInference INFO steering: SteeringResult(steering_angle_deg=-1.1607495516399355, heading_error_deg=4.491183729666075, cross_track_px=np.float64(-119.0), cross_track_deg=np.float64(-5.578125), confidence=1.0, held=False, cross_track_m=np.float64(-0.2968981793661497))
2026-07-17 01:50:24,308 VideoInference INFO ego_vehicle: EgoVehicleResult(box_xyxy=(837.4639892578125, 450.52783203125, 914.4129638671875, 530.1328125), bottom_center=(np.float32(875.9385), 530.1328125), confidence=0.8028061389923096, track_id=None)
2026-07-17 01:50:24,308 VideoInference INFO timing: LaneATT 95.9 ms, YOLO 41.0 ms, angle+draw 1.4 ms, total 138.3 ms
2026-07-17 01:50:24,312 VideoInference INFO saved: image_output_1/LaneATTresnet34Aug2/model_0013/IMG_6540/frame_200/200.jpg
