2026-07-13 17:00:44,837 VideoInference INFO video: video_input/IMG_6892.MOV
2026-07-13 17:00:44,837 VideoInference INFO model checkpoint: experiments/LaneATTresnet34Aug2/models/model_0013.pt
2026-07-13 17:00:44,837 VideoInference INFO params: conf_threshold=0.5, nms_thres=50, nms_topk=2, keep_threshold=0.3, match_tolerance=0.05, yolo_conf=0.2, yolo_iou=0.15, frame_limit=1000
2026-07-13 17:00:44,837 VideoInference INFO angle params: hfov=90.0, stanley_gain=1.0, nominal_speed=3.0, smoothing_alpha=0.2, hold_decay=0.85, max_extrapolation_px=60.0, vehicle_class_id=1, lane_width_m=3.7
2026-07-13 17:00:44,839 VideoInference INFO Video Frame rate: 30.00184450167713
2026-07-13 17:00:44,839 VideoInference INFO Total Frames: 14639
2026-07-13 17:00:44,839 VideoInference INFO Video Duration: 487.93666666666667
2026-07-13 17:00:45,070 VideoInference INFO Frame: 0/1000, time: 0.23046112060546875, LaneATT: 0.1s (114 ms/frame), YOLO: 0.1s (58 ms/frame)
2026-07-13 17:01:06,209 VideoInference INFO Frame: 100/1000, time: 21.36953330039978, LaneATT: 14.2s (140 ms/frame), YOLO: 4.9s (48 ms/frame)
2026-07-13 17:01:24,347 VideoInference INFO Frame: 200/1000, time: 39.507702112197876, LaneATT: 25.6s (127 ms/frame), YOLO: 9.6s (48 ms/frame)
2026-07-13 17:01:41,965 VideoInference INFO Frame: 300/1000, time: 57.12566924095154, LaneATT: 37.0s (123 ms/frame), YOLO: 14.1s (47 ms/frame)
2026-07-13 17:01:59,002 VideoInference INFO Frame: 400/1000, time: 74.16251707077026, LaneATT: 47.7s (119 ms/frame), YOLO: 18.4s (46 ms/frame)
2026-07-13 17:02:15,797 VideoInference INFO Frame: 500/1000, time: 90.95750617980957, LaneATT: 58.4s (117 ms/frame), YOLO: 22.5s (45 ms/frame)
2026-07-13 17:02:31,665 VideoInference INFO Frame: 600/1000, time: 106.82591104507446, LaneATT: 68.5s (114 ms/frame), YOLO: 26.4s (44 ms/frame)
2026-07-13 17:02:47,188 VideoInference INFO Frame: 700/1000, time: 122.348149061203, LaneATT: 78.2s (112 ms/frame), YOLO: 30.2s (43 ms/frame)
2026-07-13 17:03:02,879 VideoInference INFO Frame: 800/1000, time: 138.03981733322144, LaneATT: 88.1s (110 ms/frame), YOLO: 34.0s (42 ms/frame)
2026-07-13 17:03:18,594 VideoInference INFO Frame: 900/1000, time: 153.75491213798523, LaneATT: 98.0s (109 ms/frame), YOLO: 37.9s (42 ms/frame)
2026-07-13 17:03:34,385 VideoInference INFO second: 169.5452742576599
2026-07-13 17:03:34,385 VideoInference INFO inference time over 1000 frames: LaneATT 107.9s (108 ms/frame), YOLO 41.8s (42 ms/frame)
2026-07-13 17:03:34,385 VideoInference INFO ego-lane coverage: 136/1000 frames (130 used a width-prior synthesized edge)
2026-07-13 17:03:34,385 VideoInference INFO steering coverage: 417/1000 frames, lead vehicle selected on 88/1000 frames
